[debug] [2023-10-13T09:59:56.256Z] ----------------------------------------------------------------------
[debug] [2023-10-13T09:59:56.258Z] Command:       /Users/macbook/.nvm/versions/node/v16.16.0/bin/node /Users/macbook/.nvm/versions/node/v16.16.0/bin/firebase init
[debug] [2023-10-13T09:59:56.259Z] CLI Version:   11.24.1
[debug] [2023-10-13T09:59:56.259Z] Platform:      darwin
[debug] [2023-10-13T09:59:56.259Z] Node Version:  v16.16.0
[debug] [2023-10-13T09:59:56.262Z] Time:          Fri Oct 13 2023 09:59:56 GMT+0000 (Greenwich Mean Time)
[debug] [2023-10-13T09:59:56.262Z] ----------------------------------------------------------------------
[debug] 
[debug] [2023-10-13T09:59:56.273Z] >>> [apiv2][query] GET https://firebase-public.firebaseio.com/cli.json [none]
[debug] [2023-10-13T09:59:56.314Z] > command requires scopes: ["email","openid","https://www.googleapis.com/auth/cloudplatformprojects.readonly","https://www.googleapis.com/auth/firebase","https://www.googleapis.com/auth/cloud-platform"]
[debug] [2023-10-13T09:59:56.314Z] > authorizing via signed-in user (eatsalonedevelopment@gmail.com)
[info] 
     ######## #### ########  ######## ########     ###     ######  ########
     ##        ##  ##     ## ##       ##     ##  ##   ##  ##       ##
     ######    ##  ########  ######   ########  #########  ######  ######
     ##        ##  ##    ##  ##       ##     ## ##     ##       ## ##
     ##       #### ##     ## ######## ########  ##     ##  ######  ########

You're about to initialize a Firebase project in this directory:

  /Users/macbook/Documents/personal/solana/AJO/ajo

[debug] [2023-10-13T09:59:56.988Z] <<< [apiv2][status] GET https://firebase-public.firebaseio.com/cli.json 200
[debug] [2023-10-13T09:59:56.989Z] <<< [apiv2][body] GET https://firebase-public.firebaseio.com/cli.json {"cloudBuildErrorAfter":1594252800000,"cloudBuildWarnAfter":1590019200000,"defaultNode10After":1594252800000,"minVersion":"3.0.5","node8DeploysDisabledAfter":1613390400000,"node8RuntimeDisabledAfter":1615809600000,"node8WarnAfter":1600128000000}
[info] 
=== Account Setup
[info] 
[info] Which account do you want to use for this project? Choose an account or add a new one now
[info] 
[debug] [2023-10-13T10:01:39.114Z] setProjectAccount(/Users/macbook/Documents/personal/solana/AJO/ajo, danquah662@gmail.com)
[info] 
[info] ✔  Using account: danquah662@gmail.com 
[info] 
=== Project Setup
[info] 
[info] First, let's associate this project directory with a Firebase project.
[info] You can create multiple project aliases by running firebase use --add, 
[info] but for now we'll just set up a default project.
[info] 
[info] i  If you want to create a project in a Google Cloud organization or folder, please use "firebase projects:create" instead, and return to this command when you've created the project. 
[debug] [2023-10-13T10:01:54.675Z] > refreshing access token with scopes: []
[debug] [2023-10-13T10:01:54.676Z] >>> [apiv2][query] POST https://www.googleapis.com/oauth2/v3/token [none]
[debug] [2023-10-13T10:01:54.676Z] >>> [apiv2][body] POST https://www.googleapis.com/oauth2/v3/token [omitted]
[debug] [2023-10-13T10:01:54.993Z] <<< [apiv2][status] POST https://www.googleapis.com/oauth2/v3/token 200
[debug] [2023-10-13T10:01:54.994Z] <<< [apiv2][body] POST https://www.googleapis.com/oauth2/v3/token [omitted]
[debug] [2023-10-13T10:01:55.003Z] >>> [apiv2][query] POST https://cloudresourcemanager.googleapis.com/v1/projects [none]
[debug] [2023-10-13T10:01:55.003Z] >>> [apiv2][body] POST https://cloudresourcemanager.googleapis.com/v1/projects {"projectId":"AJO","name":"AJO"}
[debug] [2023-10-13T10:01:56.036Z] <<< [apiv2][status] POST https://cloudresourcemanager.googleapis.com/v1/projects 400
[debug] [2023-10-13T10:01:56.036Z] <<< [apiv2][body] POST https://cloudresourcemanager.googleapis.com/v1/projects {"error":{"code":400,"message":"Request contains an invalid argument.","status":"INVALID_ARGUMENT","details":[{"@type":"type.googleapis.com/google.rpc.BadRequest","fieldViolations":[{"field":"project_id","description":"project_id must be at least 6 characters long"},{"field":"project_id","description":"project_id contains invalid characters"},{"field":"display_name","description":"project display name must be at least 4 characters"}]},{"@type":"type.googleapis.com/google.rpc.Help","links":[{"url":"https://cloud.google.com/resource-manager/reference/rest/v1/projects"}]}]}}
[debug] [2023-10-13T10:01:56.370Z] FirebaseError: HTTP Error: 400, Request contains an invalid argument.
    at responseToError (/Users/macbook/.nvm/versions/node/v16.16.0/lib/node_modules/firebase-tools/lib/responseToError.js:49:12)
    at RetryOperation._fn (/Users/macbook/.nvm/versions/node/v16.16.0/lib/node_modules/firebase-tools/lib/apiv2.js:288:77)
    at processTicksAndRejections (node:internal/process/task_queues:96:5)
[error] 
[error] Error: Failed to create project. See firebase-debug.log for more info.
